<?xml version="1.0" encoding="UTF-8"?>
<!-- Generated by org.testng.reporters.JUnitReportReporter -->
<testsuite hostname="Akifs-MacBook-Air.local" name="testgoogleapp.NewTest" tests="1" failures="0" timestamp="2 Aug 2016 16:50:13 GMT" time="0.002" errors="1">
  <testcase name="testSearchPage" time="0.002" classname="testgoogleapp.NewTest">
    <error type="java.lang.NoSuchMethodError" message="io.appium.java_client.ios.IOSDriver.substituteMobilePlatform(Lorg/openqa/selenium/Capabilities;Ljava/lang/String;)Lorg/openqa/selenium/Capabilities;">
      <![CDATA[java.lang.NoSuchMethodError: io.appium.java_client.ios.IOSDriver.substituteMobilePlatform(Lorg/openqa/selenium/Capabilities;Ljava/lang/String;)Lorg/openqa/selenium/Capabilities;
	at io.appium.java_client.ios.IOSDriver.<init>(IOSDriver.java:37)
	at testgoogleapp.NewTest.beforeTest(NewTest.java:30)
	at sun.reflect.NativeMethodAccessorImpl.invoke0(Native Method)
	at sun.reflect.NativeMethodAccessorImpl.invoke(NativeMethodAccessorImpl.java:62)
	at sun.reflect.DelegatingMethodAccessorImpl.invoke(DelegatingMethodAccessorImpl.java:43)
	at java.lang.reflect.Method.invoke(Method.java:498)
	at org.testng.internal.MethodInvocationHelper.invokeMethod(MethodInvocationHelper.java:100)
	at org.testng.internal.Invoker.invokeConfigurationMethod(Invoker.java:515)
	at org.testng.internal.Invoker.invokeConfigurations(Invoker.java:216)
	at org.testng.internal.Invoker.invokeConfigurations(Invoker.java:143)
	at org.testng.TestRunner.beforeRun(TestRunner.java:624)
	at org.testng.TestRunner.run(TestRunner.java:592)
	at org.testng.SuiteRunner.runTest(SuiteRunner.java:366)
	at org.testng.SuiteRunner.runSequentially(SuiteRunner.java:361)
	at org.testng.SuiteRunner.privateRun(SuiteRunner.java:319)
	at org.testng.SuiteRunner.run(SuiteRunner.java:268)
	at org.testng.SuiteRunnerWorker.runSuite(SuiteRunnerWorker.java:52)
	at org.testng.SuiteRunnerWorker.run(SuiteRunnerWorker.java:86)
	at org.testng.TestNG.runSuitesSequentially(TestNG.java:1264)
	at org.testng.TestNG.runSuitesLocally(TestNG.java:1189)
	at org.testng.TestNG.runSuites(TestNG.java:1104)
	at org.testng.TestNG.run(TestNG.java:1076)
	at org.testng.remote.AbstractRemoteTestNG.run(AbstractRemoteTestNG.java:126)
	at org.testng.remote.RemoteTestNG.initAndRun(RemoteTestNG.java:152)
	at org.testng.remote.RemoteTestNG.main(RemoteTestNG.java:57)
]]>
    </error>
  </testcase> <!-- testSearchPage -->
</testsuite> <!-- testgoogleapp.NewTest -->
