<?xml version="1.0" encoding="UTF-8"?>
<!-- Generated by org.testng.reporters.JUnitReportReporter -->
<testsuite hostname="Akifs-MacBook-Air.local" name="testgoogleapp.WatcherTestSetup" tests="1" failures="0" timestamp="10 Aug 2016 05:49:50 GMT" time="62.507" errors="0">
  <testcase name="f" time="62.507" classname="testgoogleapp.WatcherTestSetup"/>
</testsuite> <!-- testgoogleapp.WatcherTestSetup -->
