<?xml version="1.0" encoding="UTF-8"?>
<!-- Generated by org.testng.reporters.JUnitReportReporter -->
<testsuite hostname="Akifs-MacBook-Air.local" name="testgoogleapp.newgoodleclass" tests="1" failures="0" timestamp="5 Aug 2016 09:03:06 GMT" time="3.359" errors="0">
  <testcase name="f" time="3.359" classname="testgoogleapp.newgoodleclass"/>
</testsuite> <!-- testgoogleapp.newgoodleclass -->
